 
****************************************
Report : reference
Design : aes128key
Version: O-2018.06-SP5
Date   : Fri Apr  2 21:05:36 2021
****************************************

Attributes:
    b - black box (unknown)
   bo - allows boundary optimization
    d - dont_touch
   mo - map_only
    h - hierarchical
    n - noncombinational
    r - removable
    s - synthetic operator
    u - contains unmapped logic

Reference          Library       Unit Area   Count    Total Area   Attributes
-----------------------------------------------------------------------------
AND2_X1            NangateOpenCellLibrary
                                  1.064000   19239  20470.296202  
AND3_X1            NangateOpenCellLibrary
                                  1.330000       8     10.640000  
AND4_X1            NangateOpenCellLibrary
                                  1.596000       4      6.384000  
AOI21_X1           NangateOpenCellLibrary
                                  1.064000       3      3.192000  
AOI22_X1           NangateOpenCellLibrary
                                  1.330000     477    634.410020  
AOI22_X2           NangateOpenCellLibrary
                                  2.394000       3      7.182000  
AOI221_X1          NangateOpenCellLibrary
                                  1.596000       1      1.596000  
AOI222_X1          NangateOpenCellLibrary
                                  2.128000     128    272.384003  
BUF_X1             NangateOpenCellLibrary
                                  0.798000     143    114.113997  
BUF_X2             NangateOpenCellLibrary
                                  1.064000     170    180.880002  
BUF_X4             NangateOpenCellLibrary
                                  1.862000       4      7.448000  
BUF_X8             NangateOpenCellLibrary
                                  3.458000       1      3.458000  
CLKBUF_X1          NangateOpenCellLibrary
                                  0.798000       2      1.596000  
CLKBUF_X2          NangateOpenCellLibrary
                                  1.064000      68     72.352001  
CLKBUF_X3          NangateOpenCellLibrary
                                  1.330000      22     29.260001  
DFF_X1             NangateOpenCellLibrary
                                  4.522000     260   1175.719957  n
DFF_X2             NangateOpenCellLibrary
                                  5.054000       2     10.108000  n
HA_X1              NangateOpenCellLibrary
                                  2.660000       4     10.640000  r
INV_X1             NangateOpenCellLibrary
                                  0.532000     446    237.272002  
INV_X2             NangateOpenCellLibrary
                                  0.798000     129    102.941997  
INV_X4             NangateOpenCellLibrary
                                  1.330000      23     30.590001  
MUX2_X1            NangateOpenCellLibrary
                                  1.862000     134    249.507998  
NAND2_X1           NangateOpenCellLibrary
                                  0.798000     192    153.215996  
NAND3_X2           NangateOpenCellLibrary
                                  1.862000       1      1.862000  
NOR2_X1            NangateOpenCellLibrary
                                  0.798000      33     26.333999  
OAI21_X1           NangateOpenCellLibrary
                                  1.064000      65     69.160001  
OR2_X1             NangateOpenCellLibrary
                                  1.064000    9579  10192.056100  
OR2_X2             NangateOpenCellLibrary
                                  1.330000       2      2.660000  
OR2_X4             NangateOpenCellLibrary
                                  2.394000       1      2.394000  
OR3_X1             NangateOpenCellLibrary
                                  1.330000       3      3.990000  
OR4_X1             NangateOpenCellLibrary
                                  1.596000       2      3.192000  
XNOR2_X1           NangateOpenCellLibrary
                                  1.596000      50     79.799998  
XOR2_X1            NangateOpenCellLibrary
                                  1.596000     679   1083.683970  
-----------------------------------------------------------------------------
Total 33 references                                 35250.320246
1
 
****************************************
Report : timing
        -path full
        -delay max
        -max_paths 1
        -transition_time
        -capacitance
Design : aes128key
Version: O-2018.06-SP5
Date   : Fri Apr  2 21:05:36 2021
****************************************

Operating Conditions: slow   Library: NangateOpenCellLibrary
Wire Load Model Mode: top

  Startpoint: roundCounter_reg[5]
              (rising edge-triggered flip-flop)
  Endpoint: cipher[64] (output port)
  Path Group: (none)
  Path Type: max

  Des/Clust/Port     Wire Load Model       Library
  ------------------------------------------------
  aes128key          5K_hvratio_1_1        NangateOpenCellLibrary

  Point                           Cap     Trans      Incr       Path
  ---------------------------------------------------------------------
  roundCounter_reg[5]/CK (DFF_X1)          0.00      0.00       0.00 r
  roundCounter_reg[5]/Q (DFF_X1)
                                14.83      0.04      0.28       0.28 f
  C768/ZN (OR2_X1)               1.17      0.03      0.21       0.49 f
  C769/ZN (OR2_X1)               1.17      0.03      0.19       0.68 f
  C770/ZN (OR2_X1)               1.17      0.03      0.19       0.87 f
  C771/ZN (OR2_X1)               1.82      0.03      0.20       1.07 f
  C772/ZN (OR2_X2)              16.28      0.04      0.23       1.30 f
  I_7/ZN (INV_X4)              166.82      0.35      0.45       1.74 r
  FE_OFC82_N10324/Z (CLKBUF_X3)
                               146.58      0.40      0.64       2.38 r
  U1256/ZN (AOI22_X1)            1.48      0.07      0.18       2.56 f
  FE_OFC147_n939/Z (CLKBUF_X3)
                               114.00      0.18      0.34       2.89 f
  U2118/ZN (INV_X1)             56.07      0.46      0.63       3.53 r
  FE_OFC333_cipher_64/Z (BUF_X2)
                                90.89      0.38      0.55       4.07 r
  cipher[64] (out)                         0.38      0.01       4.08 r
  data arrival time                                             4.08
  ---------------------------------------------------------------------
  (Path is unconstrained)


1
Information: Propagating switching activity (low effort zero delay simulation). (PWR-6)
Warning: There is no defined clock in the design. (PWR-80)
 
****************************************
Report : power
        -analysis_effort low
Design : aes128key
Version: O-2018.06-SP5
Date   : Fri Apr  2 21:05:36 2021
****************************************


Library(s) Used:

    NangateOpenCellLibrary (File: /CMC/setups/ensc450/SOCLAB/LIBRARIES/NangateOpenCellLibrary_PDKv1_3_v2010_12/Front_End/DB/NangateOpenCellLibrary_slow.db)


Operating Conditions: slow   Library: NangateOpenCellLibrary
Wire Load Model Mode: top

Design        Wire Load Model            Library
------------------------------------------------
aes128key              5K_hvratio_1_1    NangateOpenCellLibrary


Global Operating Voltage = 0.95 
Power-specific unit information :
    Voltage Units = 1V
    Capacitance Units = 1.000000ff
    Time Units = 1ns
    Dynamic Power Units = 1uW    (derived from V,C,T units)
    Leakage Power Units = 1nW


  Cell Internal Power  =   1.0305 mW   (58%)
  Net Switching Power  = 760.3011 uW   (42%)
                         ---------
Total Dynamic Power    =   1.7908 mW  (100%)

Cell Leakage Power     = 539.8879 uW

Information: report_power power group summary does not include estimated clock tree power. (PWR-789)

                 Internal         Switching           Leakage            Total
Power Group      Power            Power               Power              Power   (   %    )  Attrs
--------------------------------------------------------------------------------------------------
io_pad             0.0000            0.0000            0.0000            0.0000  (   0.00%)
memory             0.0000            0.0000            0.0000            0.0000  (   0.00%)
black_box          0.0000            0.0000            0.0000            0.0000  (   0.00%)
clock_network      0.0000            0.0000            0.0000            0.0000  (   0.00%)
register           0.0000            0.0000            0.0000            0.0000  (   0.00%)
sequential       113.1963           17.2086        1.4181e+04          144.5855  (   6.20%)
combinational    917.3203          743.0773        5.2571e+05        2.1861e+03  (  93.80%)
--------------------------------------------------------------------------------------------------
Total          1.0305e+03 uW       760.2858 uW     5.3989e+05 nW     2.3307e+03 uW
1
